<?xml version="1.0" encoding="UTF-8"?>
<!-- Generated by org.testng.reporters.JUnitReportReporter -->
<testsuite skipped="0" hostname="22-PC" name="com.webdemo.VerifyLogin" tests="6" failures="0" timestamp="03 Jun 2020 13:28:19 GMT" time="34.826" errors="0">
  <testcase name="automationTest5" time="5.928" classname="com.webdemo.VerifyLogin"/>
  <testcase name="automationTest6" time="3.636" classname="com.webdemo.VerifyLogin"/>
  <testcase name="automationTest3" time="5.760" classname="com.webdemo.VerifyLogin"/>
  <testcase name="automationTest4" time="6.056" classname="com.webdemo.VerifyLogin"/>
  <testcase name="automationTest1" time="7.488" classname="com.webdemo.VerifyLogin"/>
  <testcase name="automationTest2" time="5.958" classname="com.webdemo.VerifyLogin"/>
</testsuite> <!-- com.webdemo.VerifyLogin -->
